app/build/intermediates/manifest_merge_blame_file/debug/processDebugMainManifest/manifest-merger-blame-debug-report.txt
1<?xml version="1.0" encoding="utf-8"?>
2<manifest xmlns:android="http://schemas.android.com/apk/res/android"
3    package="com.example.taskbartoggle"
4    android:versionCode="1"
5    android:versionName="1.0" >
6
7    <uses-sdk
8        android:minSdkVersion="26"
9        android:targetSdkVersion="35" />
10
11    <!-- Overlay & Notification Permissions -->
12    <uses-permission android:name="android.permission.SYSTEM_ALERT_WINDOW" />
12-->src\main\AndroidManifest.xml:6:5-78
12-->src\main\AndroidManifest.xml:6:22-75
13    <uses-permission android:name="android.permission.FOREGROUND_SERVICE" />
13-->src\main\AndroidManifest.xml:7:5-77
13-->src\main\AndroidManifest.xml:7:22-74
14    <uses-permission android:name="android.permission.FOREGROUND_SERVICE_SPECIAL_USE" />
14-->src\main\AndroidManifest.xml:8:5-89
14-->src\main\AndroidManifest.xml:8:22-86
15    <uses-permission android:name="android.permission.POST_NOTIFICATIONS" />
15-->src\main\AndroidManifest.xml:9:5-77
15-->src\main\AndroidManifest.xml:9:22-74
16    <uses-permission android:name="android.permission.REQUEST_IGNORE_BATTERY_OPTIMIZATIONS" />
16-->src\main\AndroidManifest.xml:10:5-95
16-->src\main\AndroidManifest.xml:10:22-92
17    <uses-permission android:name="android.permission.PACKAGE_USAGE_STATS" />
17-->src\main\AndroidManifest.xml:11:5-12:47
17-->src\main\AndroidManifest.xml:11:22-75
18    <uses-permission android:name="android.permission.QUERY_ALL_PACKAGES" />
18-->src\main\AndroidManifest.xml:13:5-14:53
18-->src\main\AndroidManifest.xml:13:22-74
19
20    <permission
20-->[androidx.core:core:1.13.1] AndroidManifest.xml:22:5-24:47
21        android:name="com.example.taskbartoggle.DYNAMIC_RECEIVER_NOT_EXPORTED_PERMISSION"
21-->[androidx.core:core:1.13.1] AndroidManifest.xml:23:9-81
22        android:protectionLevel="signature" />
22-->[androidx.core:core:1.13.1] AndroidManifest.xml:24:9-44
23
24    <uses-permission android:name="com.example.taskbartoggle.DYNAMIC_RECEIVER_NOT_EXPORTED_PERMISSION" />
24-->[androidx.core:core:1.13.1] AndroidManifest.xml:26:5-97
24-->[androidx.core:core:1.13.1] AndroidManifest.xml:26:22-94
25    <uses-permission android:name="moe.shizuku.manager.permission.API_V23" />
25-->[dev.rikka.shizuku:provider:13.1.0] AndroidManifest.xml:10:5-78
25-->[dev.rikka.shizuku:provider:13.1.0] AndroidManifest.xml:10:22-75
26
27    <application
27-->src\main\AndroidManifest.xml:16:5-65:19
28        android:allowBackup="true"
28-->src\main\AndroidManifest.xml:17:9-35
29        android:appComponentFactory="androidx.core.app.CoreComponentFactory"
29-->[androidx.core:core:1.13.1] AndroidManifest.xml:28:18-86
30        android:debuggable="true"
31        android:extractNativeLibs="false"
32        android:icon="@mipmap/ic_launcher"
32-->src\main\AndroidManifest.xml:18:9-43
33        android:label="@string/app_name"
33-->src\main\AndroidManifest.xml:19:9-41
34        android:roundIcon="@mipmap/ic_launcher_round"
34-->src\main\AndroidManifest.xml:20:9-54
35        android:supportsRtl="true"
35-->src\main\AndroidManifest.xml:21:9-35
36        android:testOnly="true"
37        android:theme="@style/Theme.TaskbarToggle" >
37-->src\main\AndroidManifest.xml:22:9-51
38
39        <!-- Shizuku Provider Configuration -->
40        <provider
41            android:name="rikka.shizuku.ShizukuProvider"
41-->src\main\AndroidManifest.xml:26:13-57
42            android:authorities="com.example.taskbartoggle.shizuku"
42-->src\main\AndroidManifest.xml:27:13-59
43            android:enabled="true"
43-->src\main\AndroidManifest.xml:29:13-35
44            android:exported="true"
44-->src\main\AndroidManifest.xml:30:13-36
45            android:multiprocess="false"
45-->src\main\AndroidManifest.xml:28:13-41
46            android:permission="android.permission.INTERACT_ACROSS_USERS_FULL" />
46-->src\main\AndroidManifest.xml:31:13-79
47
48        <!-- Overlay Taskbar Background Service with Android 14+ SpecialUse property -->
49        <service
49-->src\main\AndroidManifest.xml:34:9-42:19
50            android:name="com.example.taskbartoggle.TaskbarService"
50-->src\main\AndroidManifest.xml:35:13-43
51            android:enabled="true"
51-->src\main\AndroidManifest.xml:36:13-35
52            android:exported="false"
52-->src\main\AndroidManifest.xml:37:13-37
53            android:foregroundServiceType="specialUse" >
53-->src\main\AndroidManifest.xml:38:13-55
54            <property
54-->src\main\AndroidManifest.xml:39:13-41:77
55                android:name="android.app.PROPERTY_SPECIAL_USE_FGS_SUBTYPE"
55-->src\main\AndroidManifest.xml:40:17-76
56                android:value="Floating Taskbar Overlay Dock for Android" />
56-->src\main\AndroidManifest.xml:41:17-74
57        </service>
58
59        <!-- Native System Navigation Gesture & Multi-Window Accessibility Service -->
60        <service
60-->src\main\AndroidManifest.xml:45:9-55:19
61            android:name="com.example.taskbartoggle.TaskbarAccessibilityService"
61-->src\main\AndroidManifest.xml:46:13-56
62            android:exported="true"
62-->src\main\AndroidManifest.xml:48:13-36
63            android:permission="android.permission.BIND_ACCESSIBILITY_SERVICE" >
63-->src\main\AndroidManifest.xml:47:13-79
64            <intent-filter>
64-->src\main\AndroidManifest.xml:49:13-51:29
65                <action android:name="android.accessibilityservice.AccessibilityService" />
65-->src\main\AndroidManifest.xml:50:17-92
65-->src\main\AndroidManifest.xml:50:25-89
66            </intent-filter>
67
68            <meta-data
68-->src\main\AndroidManifest.xml:52:13-54:72
69                android:name="android.accessibilityservice"
69-->src\main\AndroidManifest.xml:53:17-60
70                android:resource="@xml/accessibility_service_config" />
70-->src\main\AndroidManifest.xml:54:17-69
71        </service>
72
73        <activity
73-->src\main\AndroidManifest.xml:57:9-64:20
74            android:name="com.example.taskbartoggle.MainActivity"
74-->src\main\AndroidManifest.xml:58:13-41
75            android:exported="true" >
75-->src\main\AndroidManifest.xml:59:13-36
76            <intent-filter>
76-->src\main\AndroidManifest.xml:60:13-63:29
77                <action android:name="android.intent.action.MAIN" />
77-->src\main\AndroidManifest.xml:61:17-69
77-->src\main\AndroidManifest.xml:61:25-66
78
79                <category android:name="android.intent.category.LAUNCHER" />
79-->src\main\AndroidManifest.xml:62:17-77
79-->src\main\AndroidManifest.xml:62:27-74
80            </intent-filter>
81        </activity>
82
83        <provider
83-->[androidx.emoji2:emoji2:1.3.0] AndroidManifest.xml:24:9-32:20
84            android:name="androidx.startup.InitializationProvider"
84-->[androidx.emoji2:emoji2:1.3.0] AndroidManifest.xml:25:13-67
85            android:authorities="com.example.taskbartoggle.androidx-startup"
85-->[androidx.emoji2:emoji2:1.3.0] AndroidManifest.xml:26:13-68
86            android:exported="false" >
86-->[androidx.emoji2:emoji2:1.3.0] AndroidManifest.xml:27:13-37
87            <meta-data
87-->[androidx.emoji2:emoji2:1.3.0] AndroidManifest.xml:29:13-31:52
88                android:name="androidx.emoji2.text.EmojiCompatInitializer"
88-->[androidx.emoji2:emoji2:1.3.0] AndroidManifest.xml:30:17-75
89                android:value="androidx.startup" />
89-->[androidx.emoji2:emoji2:1.3.0] AndroidManifest.xml:31:17-49
90            <meta-data
90-->[androidx.lifecycle:lifecycle-process:2.6.2] AndroidManifest.xml:29:13-31:52
91                android:name="androidx.lifecycle.ProcessLifecycleInitializer"
91-->[androidx.lifecycle:lifecycle-process:2.6.2] AndroidManifest.xml:30:17-78
92                android:value="androidx.startup" />
92-->[androidx.lifecycle:lifecycle-process:2.6.2] AndroidManifest.xml:31:17-49
93            <meta-data
93-->[androidx.profileinstaller:profileinstaller:1.3.1] AndroidManifest.xml:29:13-31:52
94                android:name="androidx.profileinstaller.ProfileInstallerInitializer"
94-->[androidx.profileinstaller:profileinstaller:1.3.1] AndroidManifest.xml:30:17-85
95                android:value="androidx.startup" />
95-->[androidx.profileinstaller:profileinstaller:1.3.1] AndroidManifest.xml:31:17-49
96        </provider>
97
98        <meta-data
98-->[dev.rikka.shizuku:provider:13.1.0] AndroidManifest.xml:13:9-15:36
99            android:name="moe.shizuku.client.V3_SUPPORT"
99-->[dev.rikka.shizuku:provider:13.1.0] AndroidManifest.xml:14:13-57
100            android:value="true" />
100-->[dev.rikka.shizuku:provider:13.1.0] AndroidManifest.xml:15:13-33
101
102        <receiver
102-->[androidx.profileinstaller:profileinstaller:1.3.1] AndroidManifest.xml:34:9-52:20
103            android:name="androidx.profileinstaller.ProfileInstallReceiver"
103-->[androidx.profileinstaller:profileinstaller:1.3.1] AndroidManifest.xml:35:13-76
104            android:directBootAware="false"
104-->[androidx.profileinstaller:profileinstaller:1.3.1] AndroidManifest.xml:36:13-44
105            android:enabled="true"
105-->[androidx.profileinstaller:profileinstaller:1.3.1] AndroidManifest.xml:37:13-35
106            android:exported="true"
106-->[androidx.profileinstaller:profileinstaller:1.3.1] AndroidManifest.xml:38:13-36
107            android:permission="android.permission.DUMP" >
107-->[androidx.profileinstaller:profileinstaller:1.3.1] AndroidManifest.xml:39:13-57
108            <intent-filter>
108-->[androidx.profileinstaller:profileinstaller:1.3.1] AndroidManifest.xml:40:13-42:29
109                <action android:name="androidx.profileinstaller.action.INSTALL_PROFILE" />
109-->[androidx.profileinstaller:profileinstaller:1.3.1] AndroidManifest.xml:41:17-91
109-->[androidx.profileinstaller:profileinstaller:1.3.1] AndroidManifest.xml:41:25-88
110            </intent-filter>
111            <intent-filter>
111-->[androidx.profileinstaller:profileinstaller:1.3.1] AndroidManifest.xml:43:13-45:29
112                <action android:name="androidx.profileinstaller.action.SKIP_FILE" />
112-->[androidx.profileinstaller:profileinstaller:1.3.1] AndroidManifest.xml:44:17-85
112-->[androidx.profileinstaller:profileinstaller:1.3.1] AndroidManifest.xml:44:25-82
113            </intent-filter>
114            <intent-filter>
114-->[androidx.profileinstaller:profileinstaller:1.3.1] AndroidManifest.xml:46:13-48:29
115                <action android:name="androidx.profileinstaller.action.SAVE_PROFILE" />
115-->[androidx.profileinstaller:profileinstaller:1.3.1] AndroidManifest.xml:47:17-88
115-->[androidx.profileinstaller:profileinstaller:1.3.1] AndroidManifest.xml:47:25-85
116            </intent-filter>
117            <intent-filter>
117-->[androidx.profileinstaller:profileinstaller:1.3.1] AndroidManifest.xml:49:13-51:29
118                <action android:name="androidx.profileinstaller.action.BENCHMARK_OPERATION" />
118-->[androidx.profileinstaller:profileinstaller:1.3.1] AndroidManifest.xml:50:17-95
118-->[androidx.profileinstaller:profileinstaller:1.3.1] AndroidManifest.xml:50:25-92
119            </intent-filter>
120        </receiver>
121    </application>
122
123</manifest>